<?xml version="1.0" encoding="UTF-8"?>
<!-- Generated by org.testng.reporters.JUnitXMLReporter -->
<testsuite hostname="LAPTOP-FEM2N9O3" ignored="19" name="Default test" tests="1" failures="0" timestamp="16 Jul 2020 21:15:39 GMT" time="30.767" errors="0">
  <testcase name="account2" time="17.973" classname="com.yourloga.test.SmokeTest"/>
  <testcase name="bads4" time="0.0" classname="com.yourloga.test.SmokeTest">
    <ignored/>
  </testcase> <!-- bads4 -->
  <testcase name="bads2" time="0.0" classname="com.yourloga.test.SmokeTest">
    <ignored/>
  </testcase> <!-- bads2 -->
  <testcase name="bads3" time="0.0" classname="com.yourloga.test.SmokeTest">
    <ignored/>
  </testcase> <!-- bads3 -->
  <testcase name="login" time="0.0" classname="com.yourloga.test.SmokeTest">
    <ignored/>
  </testcase> <!-- login -->
  <testcase name="top" time="0.0" classname="com.yourloga.test.SmokeTest">
    <ignored/>
  </testcase> <!-- top -->
  <testcase name="checkout" time="0.0" classname="com.yourloga.test.SmokeTest">
    <ignored/>
  </testcase> <!-- checkout -->
  <testcase name="open" time="0.0" classname="com.yourloga.test.SmokeTest">
    <ignored/>
  </testcase> <!-- open -->
  <testcase name="account" time="0.0" classname="com.yourloga.test.SmokeTest">
    <ignored/>
  </testcase> <!-- account -->
  <testcase name="create" time="0.0" classname="com.yourloga.test.SmokeTest">
    <ignored/>
  </testcase> <!-- create -->
  <testcase name="topads" time="0.0" classname="com.yourloga.test.SmokeTest">
    <ignored/>
  </testcase> <!-- topads -->
  <testcase name="ordercheckout" time="0.0" classname="com.yourloga.test.SmokeTest">
    <ignored/>
  </testcase> <!-- ordercheckout -->
  <testcase name="chechingcarts" time="0.0" classname="com.yourloga.test.SmokeTest">
    <ignored/>
  </testcase> <!-- chechingcarts -->
  <testcase name="bads" time="0.0" classname="com.yourloga.test.SmokeTest">
    <ignored/>
  </testcase> <!-- bads -->
  <testcase name="topads2" time="0.0" classname="com.yourloga.test.SmokeTest">
    <ignored/>
  </testcase> <!-- topads2 -->
  <testcase name="topads3" time="0.0" classname="com.yourloga.test.SmokeTest">
    <ignored/>
  </testcase> <!-- topads3 -->
  <testcase name="sundressorder" time="0.0" classname="com.yourloga.test.SmokeTest">
    <ignored/>
  </testcase> <!-- sundressorder -->
  <testcase name="searchdress" time="0.0" classname="com.yourloga.test.SmokeTest">
    <ignored/>
  </testcase> <!-- searchdress -->
  <testcase name="message" time="0.0" classname="com.yourloga.test.SmokeTest">
    <ignored/>
  </testcase> <!-- message -->
  <testcase name="informtions" time="0.0" classname="com.yourloga.test.SmokeTest">
    <ignored/>
  </testcase> <!-- informtions -->
</testsuite> <!-- Default test -->
