<?xml version="1.0" encoding="UTF-8"?>
<testng-results skipped="0" failed="0" ignored="19" total="20" passed="1">
  <reporter-output>
  </reporter-output>
  <suite name="Default suite" duration-ms="30767" started-at="2020-07-16T21:15:08Z" finished-at="2020-07-16T21:15:39Z">
    <groups>
    </groups>
    <test name="Default test" duration-ms="30767" started-at="2020-07-16T21:15:08Z" finished-at="2020-07-16T21:15:39Z">
      <class name="com.yourloga.test.SmokeTest">
        <test-method status="PASS" signature="extentReportSetUp()[pri:0, instance:com.yourloga.test.SmokeTest@7b49cea0]" name="extentReportSetUp" is-config="true" duration-ms="195" started-at="2020-07-16T21:15:08Z" finished-at="2020-07-16T21:15:09Z">
          <reporter-output>
          </reporter-output>
        </test-method> <!-- extentReportSetUp -->
        <test-method status="PASS" signature="set_up()[pri:0, instance:com.yourloga.test.SmokeTest@7b49cea0]" name="set_up" is-config="true" duration-ms="6937" started-at="2020-07-16T21:15:09Z" finished-at="2020-07-16T21:15:16Z">
          <reporter-output>
          </reporter-output>
        </test-method> <!-- set_up -->
        <test-method status="PASS" signature="account2()[pri:0, instance:com.yourloga.test.SmokeTest@7b49cea0]" name="account2" duration-ms="17973" started-at="2020-07-16T21:15:16Z" finished-at="2020-07-16T21:15:34Z">
          <reporter-output>
          </reporter-output>
        </test-method> <!-- account2 -->
        <test-method status="PASS" signature="tearDown(org.testng.ITestResult)[pri:0, instance:com.yourloga.test.SmokeTest@7b49cea0]" name="tearDown" is-config="true" duration-ms="5003" started-at="2020-07-16T21:15:34Z" finished-at="2020-07-16T21:15:39Z">
          <params>
            <param index="0">
              <value>
                <![CDATA[[TestResult name=account2 status=SUCCESS method=SmokeTest.account2()[pri:0, instance:com.yourloga.test.SmokeTest@7b49cea0] output={null}]]]>
              </value>
            </param>
          </params>
          <reporter-output>
          </reporter-output>
        </test-method> <!-- tearDown -->
        <test-method status="PASS" signature="afterAllTests()[pri:0, instance:com.yourloga.test.SmokeTest@7b49cea0]" name="afterAllTests" is-config="true" duration-ms="633" started-at="2020-07-16T21:15:39Z" finished-at="2020-07-16T21:15:39Z">
          <reporter-output>
          </reporter-output>
        </test-method> <!-- afterAllTests -->
      </class> <!-- com.yourloga.test.SmokeTest -->
    </test> <!-- Default test -->
  </suite> <!-- Default suite -->
</testng-results>
